<?xml version="1.0" encoding="UTF-8"?>
<!-- Generated by org.testng.reporters.JUnitReportReporter -->
<testsuite skipped="0" hostname="DESKTOP-VDO7JPL" name="com.Web365.ULC.Tab.Test.ULCIntesolWorldTabPageTest" tests="5" failures="0" timestamp="2022-03-11T16:44:39 EST" time="44.321" errors="0">
  <testcase name="uLCIntesolWorldESPPageTest" time="19.370" classname="com.Web365.ULC.Tab.Test.ULCIntesolWorldTabPageTest"/>
  <system-out/>
  <testcase name="uLCEforAPCertificateEnglishGrammar" time="3.699" classname="com.Web365.ULC.Tab.Test.ULCIntesolWorldTabPageTest"/>
  <system-out/>
  <testcase name="uLCESPEnglishForAcademicPurposeTest" time="6.367" classname="com.Web365.ULC.Tab.Test.ULCIntesolWorldTabPageTest"/>
  <system-out/>
  <testcase name="uLCIntesolWorldTPageTest" time="9.389" classname="com.Web365.ULC.Tab.Test.ULCIntesolWorldTabPageTest"/>
  <system-out/>
  <testcase name="uLCESPEnglishForHospitality" time="5.496" classname="com.Web365.ULC.Tab.Test.ULCIntesolWorldTabPageTest"/>
  <system-out/>
</testsuite> <!-- com.Web365.ULC.Tab.Test.ULCIntesolWorldTabPageTest -->
