<?xml version="1.0" encoding="UTF-8"?>
<!-- Generated by org.testng.reporters.JUnitReportReporter -->
<testsuite skipped="0" hostname="DESKTOP-VDO7JPL" name="com.Web365.ULC.Tab.Test.ULCCoursesTabPageTest" tests="9" failures="0" timestamp="2022-03-11T16:44:39 EST" time="42.747" errors="0">
  <testcase name="uLCCoursesTabNewsPageTest" time="5.865" classname="com.Web365.ULC.Tab.Test.ULCCoursesTabPageTest"/>
  <system-out/>
  <testcase name="uLCCoursesTabUniKidsFrenchTabTest" time="3.119" classname="com.Web365.ULC.Tab.Test.ULCCoursesTabPageTest"/>
  <system-out/>
  <testcase name="uLCCoursesTabSeminarsPageTest" time="2.819" classname="com.Web365.ULC.Tab.Test.ULCCoursesTabPageTest"/>
  <system-out/>
  <testcase name="uLCCoursesTabUniKidsEnglishTabTest" time="4.758" classname="com.Web365.ULC.Tab.Test.ULCCoursesTabPageTest"/>
  <system-out/>
  <testcase name="uLCCoursesTabTariffsPageTest" time="4.801" classname="com.Web365.ULC.Tab.Test.ULCCoursesTabPageTest"/>
  <system-out/>
  <testcase name="uLCCoursesTabUniKidsGermanTabTest" time="5.936" classname="com.Web365.ULC.Tab.Test.ULCCoursesTabPageTest"/>
  <system-out/>
  <testcase name="uLCCoursesTabLangPageTest" time="7.981" classname="com.Web365.ULC.Tab.Test.ULCCoursesTabPageTest"/>
  <system-out/>
  <testcase name="uLCCoursesTabUniKidsPageTest" time="2.532" classname="com.Web365.ULC.Tab.Test.ULCCoursesTabPageTest"/>
  <system-out/>
  <testcase name="uLCCoursesTabLevelsPageTest" time="4.936" classname="com.Web365.ULC.Tab.Test.ULCCoursesTabPageTest"/>
  <system-out/>
</testsuite> <!-- com.Web365.ULC.Tab.Test.ULCCoursesTabPageTest -->
