<?xml version="1.0" encoding="UTF-8"?>
<!-- Generated by org.testng.reporters.JUnitReportReporter -->
<testsuite skipped="0" hostname="DESKTOP-VDO7JPL" name="com.Web365.ULC.Tab.Test.ULCAboutUsTabPageTest" tests="5" failures="0" timestamp="2022-03-11T16:44:39 EST" time="104.339" errors="0">
  <testcase name="uLCGalleryImagesTest" time="33.547" classname="com.Web365.ULC.Tab.Test.ULCAboutUsTabPageTest"/>
  <system-out/>
  <testcase name="uLCHomePageAboutUsStaffTest" time="11.118" classname="com.Web365.ULC.Tab.Test.ULCAboutUsTabPageTest"/>
  <system-out/>
  <testcase name="uLCHomePageAboutUsGalleryTest" time="18.893" classname="com.Web365.ULC.Tab.Test.ULCAboutUsTabPageTest"/>
  <system-out/>
  <testcase name="uLCHomePageAboutUsAboutUsTest" time="21.581" classname="com.Web365.ULC.Tab.Test.ULCAboutUsTabPageTest"/>
  <system-out/>
  <testcase name="uLCHomePageAboutUsVacancyTest" time="19.200" classname="com.Web365.ULC.Tab.Test.ULCAboutUsTabPageTest"/>
  <system-out/>
</testsuite> <!-- com.Web365.ULC.Tab.Test.ULCAboutUsTabPageTest -->
