<?xml version="1.0" encoding="UTF-8"?>
<!-- Generated by org.testng.reporters.JUnitReportReporter -->
<testsuite skipped="0" hostname="DESKTOP-VDO7JPL" name="com.Web365.ULC.Tab.Test.ULCInternExamTabPageTest" tests="1" failures="0" timestamp="2022-03-11T16:44:39 EST" time="15.369" errors="0">
  <testcase name="uLCInternExamTabTest" time="15.369" classname="com.Web365.ULC.Tab.Test.ULCInternExamTabPageTest"/>
  <system-out/>
</testsuite> <!-- com.Web365.ULC.Tab.Test.ULCInternExamTabPageTest -->
