<?xml version="1.0" encoding="UTF-8"?>
<!-- Generated by org.testng.reporters.JUnitReportReporter -->
<testsuite skipped="0" hostname="DESKTOP-VDO7JPL" name="com.Web365.ULC.Tab.Test.ULCContactsTabPageTest" tests="28" failures="0" timestamp="2022-03-11T16:44:39 EST" time="276.167" errors="0">
  <testcase name="uLCContactsCategoriesUniKidsTest" time="7.452" classname="com.Web365.ULC.Tab.Test.ULCContactsTabPageTest"/>
  <system-out/>
  <testcase name="uLCContactsPageMapDirectionTest" time="16.144" classname="com.Web365.ULC.Tab.Test.ULCContactsTabPageTest"/>
  <system-out/>
  <testcase name="uLCContactsCategoriesInternExamTest" time="6.320" classname="com.Web365.ULC.Tab.Test.ULCContactsTabPageTest"/>
  <system-out/>
  <testcase name="uLCContactsPersonalInfoPageTest" time="4.623" classname="com.Web365.ULC.Tab.Test.ULCContactsTabPageTest"/>
  <system-out/>
  <testcase name="uLCContactsCategoriesCoursesTest" time="6.833" classname="com.Web365.ULC.Tab.Test.ULCContactsTabPageTest"/>
  <system-out/>
  <testcase name="uLCContactsCategoriesNewsTest" time="6.640" classname="com.Web365.ULC.Tab.Test.ULCContactsTabPageTest"/>
  <system-out/>
  <testcase name="uLCContactsPageAboutUsTest" time="6.317" classname="com.Web365.ULC.Tab.Test.ULCContactsTabPageTest"/>
  <system-out/>
  <testcase name="uLCContactsPageEmailTest" time="7.081" classname="com.Web365.ULC.Tab.Test.ULCContactsTabPageTest"/>
  <system-out/>
  <testcase name="uLCContactsPageFacebookTest" time="8.099" classname="com.Web365.ULC.Tab.Test.ULCContactsTabPageTest"/>
  <system-out/>
  <testcase name="uLCContactsCategoriesHomeTest" time="5.255" classname="com.Web365.ULC.Tab.Test.ULCContactsTabPageTest"/>
  <system-out/>
  <testcase name="uLCContactsPagePhoneTest" time="4.619" classname="com.Web365.ULC.Tab.Test.ULCContactsTabPageTest"/>
  <system-out/>
  <testcase name="uLCContactsCategoriesContactsTest" time="5.719" classname="com.Web365.ULC.Tab.Test.ULCContactsTabPageTest"/>
  <system-out/>
  <testcase name="uLCContactsPageAddressTest" time="4.786" classname="com.Web365.ULC.Tab.Test.ULCContactsTabPageTest"/>
  <system-out/>
  <testcase name="uLCPagePlaceCardReviewTest" time="20.675" classname="com.Web365.ULC.Tab.Test.ULCContactsTabPageTest"/>
  <system-out/>
  <testcase name="uLCContactsPageCategoriesTest" time="4.572" classname="com.Web365.ULC.Tab.Test.ULCContactsTabPageTest"/>
  <system-out/>
  <testcase name="uLCPageViewLargeMapTest" time="20.050" classname="com.Web365.ULC.Tab.Test.ULCContactsTabPageTest"/>
  <system-out/>
  <testcase name="uLCContactsTabPageTest" time="7.423" classname="com.Web365.ULC.Tab.Test.ULCContactsTabPageTest"/>
  <system-out/>
  <testcase name="uLCContactsPageInstagramTest" time="18.162" classname="com.Web365.ULC.Tab.Test.ULCContactsTabPageTest"/>
  <system-out/>
  <testcase name="uLCContactsCategoriesCorpPacksTest" time="6.491" classname="com.Web365.ULC.Tab.Test.ULCContactsTabPageTest"/>
  <system-out/>
  <testcase name="uLCContactsPageMapTest" time="7.388" classname="com.Web365.ULC.Tab.Test.ULCContactsTabPageTest"/>
  <system-out/>
  <testcase name="uLCPersonalInfoMessageFieldTest" time="12.180" classname="com.Web365.ULC.Tab.Test.ULCContactsTabPageTest"/>
  <system-out/>
  <testcase name="uLCContactsPageSkypeTest" time="17.536" classname="com.Web365.ULC.Tab.Test.ULCContactsTabPageTest"/>
  <system-out/>
  <testcase name="uLCPersonalInfoPhoneFieldTest" time="13.616" classname="com.Web365.ULC.Tab.Test.ULCContactsTabPageTest"/>
  <system-out/>
  <testcase name="uLCPersonalInfoEmailFieldTest" time="13.899" classname="com.Web365.ULC.Tab.Test.ULCContactsTabPageTest"/>
  <system-out/>
  <testcase name="uLCContactsCategoriesAboutUSTest" time="5.633" classname="com.Web365.ULC.Tab.Test.ULCContactsTabPageTest"/>
  <system-out/>
  <testcase name="uLCPersonalInfoNameFieldTest" time="13.869" classname="com.Web365.ULC.Tab.Test.ULCContactsTabPageTest"/>
  <system-out/>
  <testcase name="uLCPersonalInfoSubmitTest" time="19.894" classname="com.Web365.ULC.Tab.Test.ULCContactsTabPageTest"/>
  <system-out/>
  <testcase name="uLCContactsPageFollowUsTest" time="4.891" classname="com.Web365.ULC.Tab.Test.ULCContactsTabPageTest"/>
  <system-out/>
</testsuite> <!-- com.Web365.ULC.Tab.Test.ULCContactsTabPageTest -->
