<?xml version="1.0" encoding="UTF-8"?>
<!-- Generated by org.testng.reporters.JUnitReportReporter -->
<testsuite skipped="0" hostname="DESKTOP-VDO7JPL" name="com.Web365.ULC.Tab.Test.ULCTabTest" tests="2" failures="0" timestamp="2022-03-11T16:44:39 EST" time="53.300" errors="0">
  <testcase name="uLCPageBookNowTest" time="28.138" classname="com.Web365.ULC.Tab.Test.ULCTabTest"/>
  <system-out/>
  <testcase name="universalLanguageCenterPageTest" time="25.162" classname="com.Web365.ULC.Tab.Test.ULCTabTest"/>
  <system-out/>
</testsuite> <!-- com.Web365.ULC.Tab.Test.ULCTabTest -->
