<?xml version="1.0" encoding="UTF-8"?>
<!-- Generated by org.testng.reporters.JUnitReportReporter -->
<testsuite skipped="0" hostname="DESKTOP-VDO7JPL" name="com.Web365.ULC.Tab.Test.ULCHomeTabPageTest" tests="7" failures="0" timestamp="2022-03-11T16:44:39 EST" time="74.094" errors="0">
  <testcase name="uLCCoursesGermanLanguageTest" time="6.299" classname="com.Web365.ULC.Tab.Test.ULCHomeTabPageTest"/>
  <system-out/>
  <testcase name="uLCHomePageCorpPackTest" time="10.227" classname="com.Web365.ULC.Tab.Test.ULCHomeTabPageTest"/>
  <system-out/>
  <testcase name="uLCHomePageCoursesTest" time="9.573" classname="com.Web365.ULC.Tab.Test.ULCHomeTabPageTest"/>
  <system-out/>
  <testcase name="uLCCoursesRussianLanguageTest" time="14.469" classname="com.Web365.ULC.Tab.Test.ULCHomeTabPageTest"/>
  <system-out/>
  <testcase name="uLCHomePageIntExamTest" time="8.244" classname="com.Web365.ULC.Tab.Test.ULCHomeTabPageTest"/>
  <system-out/>
  <testcase name="uLCHomePageRegisterTest" time="15.873" classname="com.Web365.ULC.Tab.Test.ULCHomeTabPageTest"/>
  <system-out/>
  <testcase name="uLCHomePageUniKidsTest" time="9.409" classname="com.Web365.ULC.Tab.Test.ULCHomeTabPageTest"/>
  <system-out/>
</testsuite> <!-- com.Web365.ULC.Tab.Test.ULCHomeTabPageTest -->
