<?xml version="1.0" encoding="UTF-8"?>
<!-- Generated by org.testng.reporters.JUnitReportReporter -->
<testsuite skipped="0" hostname="DESKTOP-VDO7JPL" name="com.Web365.ULC.Tab.Test.ULCCorporatePacksTabPageTest" tests="3" failures="0" timestamp="2022-03-11T16:44:39 EST" time="39.100" errors="0">
  <testcase name="uLCHomePageCorpPacksPdfTest" time="11.369" classname="com.Web365.ULC.Tab.Test.ULCCorporatePacksTabPageTest"/>
  <system-out/>
  <testcase name="uLCHomePageCorpPacksSlideMapTest" time="10.394" classname="com.Web365.ULC.Tab.Test.ULCCorporatePacksTabPageTest"/>
  <system-out/>
  <testcase name="uLCHomePageCorpPacksTest" time="17.337" classname="com.Web365.ULC.Tab.Test.ULCCorporatePacksTabPageTest"/>
  <system-out/>
</testsuite> <!-- com.Web365.ULC.Tab.Test.ULCCorporatePacksTabPageTest -->
